<?xml version="1.0" encoding="utf-8"?>
<!DOCTYPE coverage SYSTEM "http://cobertura.sourceforge.net/xml/coverage-04.dtd">
<coverage line-rate="0.801932367149758" branch-rate="0.712121212121212" lines-covered="332" lines-valid="414" branches-covered="94" branches-valid="132" complexity="181" version="0" timestamp="1679662424">
  <sources>
    <source>C:\Users\owner\</source>
  </sources>
  <packages>
    <package name="LibraryWebServer" line-rate="0.690839694656489" branch-rate="0.136363636363636" complexity="90">
      <classes>
        <class name="AspNetCoreGeneratedDocument.Views__ViewStart" filename="C:\Users\owner\Desktop\5530\hw7\LibraryWebServer\Views\_ViewStart.cshtml" line-rate="0" branch-rate="1" complexity="1">
          <methods>
            <method name="ExecuteAsync" signature="()" line-rate="0" branch-rate="1" complexity="1">
              <lines>
                <line number="2" hits="0" branch="false" />
              </lines>
            </method>
          </methods>
          <lines>
            <line number="2" hits="0" branch="false" />
          </lines>
        </class>
        <class name="AspNetCoreGeneratedDocument.Views_Home_Index" filename="C:\Users\owner\Desktop\5530\hw7\LibraryWebServer\Views\Home\Index.cshtml" line-rate="0" branch-rate="1" complexity="2">
          <methods>
            <method name="&lt;ExecuteAsync" signature="()" line-rate="0" branch-rate="1" complexity="1">
              <lines>
                <line number="92" hits="0" branch="false" />
                <line number="111" hits="0" branch="false" />
                <line number="138" hits="0" branch="false" />
              </lines>
            </method>
            <method name="ExecuteAsync" signature="()" line-rate="0" branch-rate="1" complexity="1">
              <lines>
                <line number="2" hits="0" branch="false" />
              </lines>
            </method>
          </methods>
          <lines>
            <line number="2" hits="0" branch="false" />
            <line number="92" hits="0" branch="false" />
            <line number="111" hits="0" branch="false" />
            <line number="138" hits="0" branch="false" />
          </lines>
        </class>
        <class name="AspNetCoreGeneratedDocument.Views_Home_Login" filename="C:\Users\owner\Desktop\5530\hw7\LibraryWebServer\Views\Home\Login.cshtml" line-rate="0" branch-rate="1" complexity="2">
          <methods>
            <method name="&lt;ExecuteAsync" signature="()" line-rate="0" branch-rate="1" complexity="1">
              <lines>
                <line number="39" hits="0" branch="false" />
              </lines>
            </method>
            <method name="ExecuteAsync" signature="()" line-rate="0" branch-rate="1" complexity="1">
              <lines>
                <line number="2" hits="0" branch="false" />
              </lines>
            </method>
          </methods>
          <lines>
            <line number="2" hits="0" branch="false" />
            <line number="39" hits="0" branch="false" />
          </lines>
        </class>
        <class name="AspNetCoreGeneratedDocument.Views_Home_MyBooks" filename="C:\Users\owner\Desktop\5530\hw7\LibraryWebServer\Views\Home\MyBooks.cshtml" line-rate="0" branch-rate="1" complexity="2">
          <methods>
            <method name="&lt;ExecuteAsync" signature="()" line-rate="0" branch-rate="1" complexity="1">
              <lines>
                <line number="63" hits="0" branch="false" />
                <line number="89" hits="0" branch="false" />
              </lines>
            </method>
            <method name="ExecuteAsync" signature="()" line-rate="0" branch-rate="1" complexity="1">
              <lines>
                <line number="2" hits="0" branch="false" />
              </lines>
            </method>
          </methods>
          <lines>
            <line number="2" hits="0" branch="false" />
            <line number="63" hits="0" branch="false" />
            <line number="89" hits="0" branch="false" />
          </lines>
        </class>
        <class name="AspNetCoreGeneratedDocument.Views_Home_Privacy" filename="C:\Users\owner\Desktop\5530\hw7\LibraryWebServer\Views\Home\Privacy.cshtml" line-rate="0" branch-rate="1" complexity="1">
          <methods>
            <method name="ExecuteAsync" signature="()" line-rate="0" branch-rate="1" complexity="1">
              <lines>
                <line number="2" hits="0" branch="false" />
                <line number="4" hits="0" branch="false" />
              </lines>
            </method>
          </methods>
          <lines>
            <line number="2" hits="0" branch="false" />
            <line number="4" hits="0" branch="false" />
          </lines>
        </class>
        <class name="AspNetCoreGeneratedDocument.Views_Shared__Layout" filename="C:\Users\owner\Desktop\5530\hw7\LibraryWebServer\Views\Shared\_Layout.cshtml" line-rate="0" branch-rate="0" complexity="20">
          <methods>
            <method name="&lt;ExecuteAsync" signature="()" line-rate="0" branch-rate="0" complexity="6">
              <lines>
                <line number="6" hits="0" branch="true" condition-coverage="0% (0/2)" />
                <line number="8" hits="0" branch="true" condition-coverage="0% (0/2)" />
                <line number="9" hits="0" branch="true" condition-coverage="0% (0/2)" />
              </lines>
            </method>
            <method name="&lt;ExecuteAsync" signature="()" line-rate="0" branch-rate="0" complexity="14">
              <lines>
                <line number="35" hits="0" branch="true" condition-coverage="0% (0/12)" />
                <line number="46" hits="0" branch="true" condition-coverage="0% (0/2)" />
                <line number="47" hits="0" branch="false" />
              </lines>
            </method>
          </methods>
          <lines>
            <line number="6" hits="0" branch="true" condition-coverage="0% (0/2)" />
            <line number="8" hits="0" branch="true" condition-coverage="0% (0/2)" />
            <line number="9" hits="0" branch="true" condition-coverage="0% (0/2)" />
            <line number="35" hits="0" branch="true" condition-coverage="0% (0/12)" />
            <line number="46" hits="0" branch="true" condition-coverage="0% (0/2)" />
            <line number="47" hits="0" branch="false" />
          </lines>
        </class>
        <class name="AspNetCoreGeneratedDocument.Views_Shared_Error" filename="C:\Users\owner\Desktop\5530\hw7\LibraryWebServer\Views\Shared\Error.cshtml" line-rate="0" branch-rate="0" complexity="2">
          <methods>
            <method name="ExecuteAsync" signature="()" line-rate="0" branch-rate="0" complexity="2">
              <lines>
                <line number="3" hits="0" branch="false" />
                <line number="9" hits="0" branch="true" condition-coverage="0% (0/2)" />
                <line number="10" hits="0" branch="false" />
                <line number="12" hits="0" branch="false" />
                <line number="14" hits="0" branch="false" />
              </lines>
            </method>
          </methods>
          <lines>
            <line number="3" hits="0" branch="false" />
            <line number="9" hits="0" branch="true" condition-coverage="0% (0/2)" />
            <line number="10" hits="0" branch="false" />
            <line number="12" hits="0" branch="false" />
            <line number="14" hits="0" branch="false" />
          </lines>
        </class>
        <class name="LibraryWebServer.Controllers.HomeController" filename="C:\Users\owner\Desktop\5530\hw7\LibraryWebServer\Controllers\HomeController.cs" line-rate="0.682242990654206" branch-rate="0.222222222222222" complexity="27">
          <methods>
            <method name="UseLibraryContext" signature="(...)" line-rate="1" branch-rate="1" complexity="1">
              <lines>
                <line number="24" hits="10" branch="false" />
                <line number="25" hits="10" branch="false" />
                <line number="26" hits="10" branch="false" />
              </lines>
            </method>
            <method name="Dispose" signature="(...)" line-rate="0" branch-rate="0" complexity="2">
              <lines>
                <line number="29" hits="0" branch="false" />
                <line number="30" hits="0" branch="true" condition-coverage="0% (0/2)" />
                <line number="31" hits="0" branch="false" />
                <line number="32" hits="0" branch="false" />
                <line number="33" hits="0" branch="false" />
                <line number="34" hits="0" branch="false" />
                <line number="35" hits="0" branch="false" />
              </lines>
            </method>
            <method name="CheckLogin" signature="(...)" line-rate="1" branch-rate="1" complexity="2">
              <lines>
                <line number="48" hits="9" branch="false" />
                <line number="50" hits="9" branch="false" />
                <line number="52" hits="9" branch="false" />
                <line number="53" hits="9" branch="false" />
                <line number="54" hits="9" branch="false" />
                <line number="56" hits="9" branch="false" />
                <line number="58" hits="9" branch="true" condition-coverage="100% (2/2)" />
                <line number="59" hits="2" branch="false" />
                <line number="60" hits="2" branch="false" />
                <line number="63" hits="7" branch="false" />
                <line number="64" hits="7" branch="false" />
                <line number="65" hits="7" branch="false" />
                <line number="66" hits="7" branch="false" />
                <line number="68" hits="9" branch="false" />
              </lines>
            </method>
            <method name="LogOut" signature="()" line-rate="0" branch-rate="1" complexity="1">
              <lines>
                <line number="77" hits="0" branch="false" />
                <line number="78" hits="0" branch="false" />
                <line number="79" hits="0" branch="false" />
                <line number="80" hits="0" branch="false" />
                <line number="81" hits="0" branch="false" />
              </lines>
            </method>
            <method name="AllTitles" signature="()" line-rate="1" branch-rate="1" complexity="1">
              <lines>
                <line number="95" hits="1" branch="false" />
                <line number="98" hits="1" branch="false" />
                <line number="99" hits="1" branch="false" />
                <line number="100" hits="1" branch="false" />
                <line number="101" hits="1" branch="false" />
                <line number="102" hits="1" branch="false" />
                <line number="103" hits="1" branch="false" />
                <line number="104" hits="1" branch="false" />
                <line number="105" hits="1" branch="false" />
                <line number="106" hits="1" branch="false" />
                <line number="107" hits="1" branch="false" />
                <line number="108" hits="1" branch="false" />
                <line number="109" hits="1" branch="false" />
                <line number="110" hits="1" branch="false" />
                <line number="111" hits="1" branch="false" />
                <line number="112" hits="1" branch="false" />
                <line number="113" hits="1" branch="false" />
                <line number="115" hits="1" branch="false" />
              </lines>
            </method>
            <method name="ListMyBooks" signature="()" line-rate="1" branch-rate="1" complexity="1">
              <lines>
                <line number="127" hits="7" branch="false" />
                <line number="129" hits="7" branch="false" />
                <line number="130" hits="7" branch="false" />
                <line number="131" hits="7" branch="false" />
                <line number="132" hits="7" branch="false" />
                <line number="133" hits="7" branch="false" />
                <line number="134" hits="7" branch="false" />
                <line number="135" hits="7" branch="false" />
                <line number="136" hits="7" branch="false" />
                <line number="137" hits="7" branch="false" />
                <line number="138" hits="7" branch="false" />
                <line number="139" hits="7" branch="false" />
                <line number="140" hits="7" branch="false" />
                <line number="141" hits="7" branch="false" />
                <line number="142" hits="7" branch="false" />
                <line number="143" hits="7" branch="false" />
              </lines>
            </method>
            <method name="CheckOutBook" signature="(...)" line-rate="1" branch-rate="1" complexity="1">
              <lines>
                <line number="156" hits="2" branch="false" />
                <line number="158" hits="2" branch="false" />
                <line number="159" hits="2" branch="false" />
                <line number="160" hits="2" branch="false" />
                <line number="162" hits="2" branch="false" />
                <line number="164" hits="2" branch="false" />
              </lines>
            </method>
            <method name="ReturnBook" signature="(...)" line-rate="1" branch-rate="1" complexity="2">
              <lines>
                <line number="175" hits="3" branch="false" />
                <line number="178" hits="3" branch="false" />
                <line number="179" hits="3" branch="true" condition-coverage="100% (2/2)" />
                <line number="180" hits="1" branch="false" />
                <line number="181" hits="1" branch="false" />
                <line number="182" hits="1" branch="false" />
                <line number="183" hits="1" branch="false" />
                <line number="185" hits="3" branch="false" />
                <line number="186" hits="3" branch="false" />
              </lines>
            </method>
            <method name="Index" signature="()" line-rate="0" branch-rate="0" complexity="4">
              <lines>
                <line number="195" hits="0" branch="false" />
                <line number="196" hits="0" branch="true" condition-coverage="0% (0/4)" />
                <line number="197" hits="0" branch="false" />
                <line number="199" hits="0" branch="false" />
                <line number="200" hits="0" branch="false" />
              </lines>
            </method>
            <method name="Login" signature="()" line-rate="0" branch-rate="1" complexity="1">
              <lines>
                <line number="208" hits="0" branch="false" />
                <line number="209" hits="0" branch="false" />
                <line number="210" hits="0" branch="false" />
                <line number="212" hits="0" branch="false" />
                <line number="214" hits="0" branch="false" />
                <line number="215" hits="0" branch="false" />
              </lines>
            </method>
            <method name="MyBooks" signature="()" line-rate="0" branch-rate="0" complexity="4">
              <lines>
                <line number="222" hits="0" branch="false" />
                <line number="223" hits="0" branch="true" condition-coverage="0% (0/4)" />
                <line number="224" hits="0" branch="false" />
                <line number="226" hits="0" branch="false" />
                <line number="227" hits="0" branch="false" />
              </lines>
            </method>
            <method name="Privacy" signature="()" line-rate="0" branch-rate="1" complexity="1">
              <lines>
                <line number="235" hits="0" branch="false" />
                <line number="236" hits="0" branch="false" />
                <line number="237" hits="0" branch="false" />
              </lines>
            </method>
            <method name="Error" signature="()" line-rate="0" branch-rate="0" complexity="4">
              <lines>
                <line number="241" hits="0" branch="false" />
                <line number="242" hits="0" branch="true" condition-coverage="0% (0/4)" />
                <line number="243" hits="0" branch="false" />
              </lines>
            </method>
            <method name=".ctor" signature="(...)" line-rate="0.717171717171717" branch-rate="0.285714285714286" complexity="1">
              <lines>
                <line number="21" hits="10" branch="false" />
                <line number="24" hits="10" branch="false" />
                <line number="25" hits="10" branch="false" />
                <line number="26" hits="10" branch="false" />
                <line number="29" hits="0" branch="false" />
                <line number="30" hits="0" branch="true" condition-coverage="0% (0/2)" />
                <line number="31" hits="0" branch="false" />
                <line number="32" hits="0" branch="false" />
                <line number="33" hits="0" branch="false" />
                <line number="34" hits="0" branch="false" />
                <line number="35" hits="0" branch="false" />
                <line number="48" hits="9" branch="false" />
                <line number="50" hits="9" branch="false" />
                <line number="52" hits="9" branch="false" />
                <line number="53" hits="9" branch="false" />
                <line number="54" hits="9" branch="false" />
                <line number="56" hits="9" branch="false" />
                <line number="58" hits="9" branch="true" condition-coverage="100% (2/2)" />
                <line number="59" hits="2" branch="false" />
                <line number="60" hits="2" branch="false" />
                <line number="63" hits="7" branch="false" />
                <line number="64" hits="7" branch="false" />
                <line number="65" hits="7" branch="false" />
                <line number="66" hits="7" branch="false" />
                <line number="68" hits="9" branch="false" />
                <line number="77" hits="0" branch="false" />
                <line number="78" hits="0" branch="false" />
                <line number="79" hits="0" branch="false" />
                <line number="80" hits="0" branch="false" />
                <line number="81" hits="0" branch="false" />
                <line number="95" hits="1" branch="false" />
                <line number="98" hits="1" branch="false" />
                <line number="99" hits="1" branch="false" />
                <line number="100" hits="1" branch="false" />
                <line number="101" hits="1" branch="false" />
                <line number="102" hits="1" branch="false" />
                <line number="103" hits="1" branch="false" />
                <line number="104" hits="1" branch="false" />
                <line number="105" hits="1" branch="false" />
                <line number="106" hits="1" branch="false" />
                <line number="107" hits="1" branch="false" />
                <line number="108" hits="1" branch="false" />
                <line number="109" hits="1" branch="false" />
                <line number="110" hits="1" branch="false" />
                <line number="111" hits="1" branch="false" />
                <line number="112" hits="1" branch="false" />
                <line number="113" hits="1" branch="false" />
                <line number="115" hits="1" branch="false" />
                <line number="127" hits="7" branch="false" />
                <line number="129" hits="7" branch="false" />
                <line number="130" hits="7" branch="false" />
                <line number="131" hits="7" branch="false" />
                <line number="132" hits="7" branch="false" />
                <line number="133" hits="7" branch="false" />
                <line number="134" hits="7" branch="false" />
                <line number="135" hits="7" branch="false" />
                <line number="136" hits="7" branch="false" />
                <line number="137" hits="7" branch="false" />
                <line number="138" hits="7" branch="false" />
                <line number="139" hits="7" branch="false" />
                <line number="140" hits="7" branch="false" />
                <line number="141" hits="7" branch="false" />
                <line number="142" hits="7" branch="false" />
                <line number="143" hits="7" branch="false" />
                <line number="156" hits="2" branch="false" />
                <line number="158" hits="2" branch="false" />
                <line number="159" hits="2" branch="false" />
                <line number="160" hits="2" branch="false" />
                <line number="162" hits="2" branch="false" />
                <line number="164" hits="2" branch="false" />
                <line number="175" hits="3" branch="false" />
                <line number="178" hits="3" branch="false" />
                <line number="179" hits="3" branch="true" condition-coverage="100% (2/2)" />
                <line number="180" hits="1" branch="false" />
                <line number="181" hits="1" branch="false" />
                <line number="182" hits="1" branch="false" />
                <line number="183" hits="1" branch="false" />
                <line number="185" hits="3" branch="false" />
                <line number="186" hits="3" branch="false" />
                <line number="195" hits="0" branch="false" />
                <line number="196" hits="0" branch="true" condition-coverage="0% (0/4)" />
                <line number="197" hits="0" branch="false" />
                <line number="199" hits="0" branch="false" />
                <line number="200" hits="0" branch="false" />
                <line number="208" hits="0" branch="false" />
                <line number="209" hits="0" branch="false" />
                <line number="210" hits="0" branch="false" />
                <line number="212" hits="0" branch="false" />
                <line number="214" hits="0" branch="false" />
                <line number="215" hits="0" branch="false" />
                <line number="222" hits="0" branch="false" />
                <line number="223" hits="0" branch="true" condition-coverage="0% (0/4)" />
                <line number="224" hits="0" branch="false" />
                <line number="226" hits="0" branch="false" />
                <line number="227" hits="0" branch="false" />
                <line number="229" hits="10" branch="false" />
                <line number="230" hits="10" branch="false" />
                <line number="231" hits="10" branch="false" />
                <line number="232" hits="10" branch="false" />
              </lines>
            </method>
            <method name=".cctor" signature="()" line-rate="1" branch-rate="1" complexity="1">
              <lines>
                <line number="16" hits="1" branch="false" />
                <line number="17" hits="1" branch="false" />
              </lines>
            </method>
          </methods>
          <lines>
            <line number="16" hits="1" branch="false" />
            <line number="17" hits="1" branch="false" />
            <line number="21" hits="10" branch="false" />
            <line number="24" hits="10" branch="false" />
            <line number="25" hits="10" branch="false" />
            <line number="26" hits="10" branch="false" />
            <line number="29" hits="0" branch="false" />
            <line number="30" hits="0" branch="true" condition-coverage="0% (0/2)" />
            <line number="31" hits="0" branch="false" />
            <line number="32" hits="0" branch="false" />
            <line number="33" hits="0" branch="false" />
            <line number="34" hits="0" branch="false" />
            <line number="35" hits="0" branch="false" />
            <line number="48" hits="9" branch="false" />
            <line number="50" hits="9" branch="false" />
            <line number="52" hits="9" branch="false" />
            <line number="53" hits="9" branch="false" />
            <line number="54" hits="9" branch="false" />
            <line number="56" hits="9" branch="false" />
            <line number="58" hits="9" branch="true" condition-coverage="100% (2/2)" />
            <line number="59" hits="2" branch="false" />
            <line number="60" hits="2" branch="false" />
            <line number="63" hits="7" branch="false" />
            <line number="64" hits="7" branch="false" />
            <line number="65" hits="7" branch="false" />
            <line number="66" hits="7" branch="false" />
            <line number="68" hits="9" branch="false" />
            <line number="77" hits="0" branch="false" />
            <line number="78" hits="0" branch="false" />
            <line number="79" hits="0" branch="false" />
            <line number="80" hits="0" branch="false" />
            <line number="81" hits="0" branch="false" />
            <line number="95" hits="1" branch="false" />
            <line number="98" hits="1" branch="false" />
            <line number="99" hits="1" branch="false" />
            <line number="100" hits="1" branch="false" />
            <line number="101" hits="1" branch="false" />
            <line number="102" hits="1" branch="false" />
            <line number="103" hits="1" branch="false" />
            <line number="104" hits="1" branch="false" />
            <line number="105" hits="1" branch="false" />
            <line number="106" hits="1" branch="false" />
            <line number="107" hits="1" branch="false" />
            <line number="108" hits="1" branch="false" />
            <line number="109" hits="1" branch="false" />
            <line number="110" hits="1" branch="false" />
            <line number="111" hits="1" branch="false" />
            <line number="112" hits="1" branch="false" />
            <line number="113" hits="1" branch="false" />
            <line number="115" hits="1" branch="false" />
            <line number="127" hits="7" branch="false" />
            <line number="129" hits="7" branch="false" />
            <line number="130" hits="7" branch="false" />
            <line number="131" hits="7" branch="false" />
            <line number="132" hits="7" branch="false" />
            <line number="133" hits="7" branch="false" />
            <line number="134" hits="7" branch="false" />
            <line number="135" hits="7" branch="false" />
            <line number="136" hits="7" branch="false" />
            <line number="137" hits="7" branch="false" />
            <line number="138" hits="7" branch="false" />
            <line number="139" hits="7" branch="false" />
            <line number="140" hits="7" branch="false" />
            <line number="141" hits="7" branch="false" />
            <line number="142" hits="7" branch="false" />
            <line number="143" hits="7" branch="false" />
            <line number="156" hits="2" branch="false" />
            <line number="158" hits="2" branch="false" />
            <line number="159" hits="2" branch="false" />
            <line number="160" hits="2" branch="false" />
            <line number="162" hits="2" branch="false" />
            <line number="164" hits="2" branch="false" />
            <line number="175" hits="3" branch="false" />
            <line number="178" hits="3" branch="false" />
            <line number="179" hits="3" branch="true" condition-coverage="100% (2/2)" />
            <line number="180" hits="1" branch="false" />
            <line number="181" hits="1" branch="false" />
            <line number="182" hits="1" branch="false" />
            <line number="183" hits="1" branch="false" />
            <line number="185" hits="3" branch="false" />
            <line number="186" hits="3" branch="false" />
            <line number="195" hits="0" branch="false" />
            <line number="196" hits="0" branch="true" condition-coverage="0% (0/4)" />
            <line number="197" hits="0" branch="false" />
            <line number="199" hits="0" branch="false" />
            <line number="200" hits="0" branch="false" />
            <line number="208" hits="0" branch="false" />
            <line number="209" hits="0" branch="false" />
            <line number="210" hits="0" branch="false" />
            <line number="212" hits="0" branch="false" />
            <line number="214" hits="0" branch="false" />
            <line number="215" hits="0" branch="false" />
            <line number="222" hits="0" branch="false" />
            <line number="223" hits="0" branch="true" condition-coverage="0% (0/4)" />
            <line number="224" hits="0" branch="false" />
            <line number="226" hits="0" branch="false" />
            <line number="227" hits="0" branch="false" />
            <line number="229" hits="10" branch="false" />
            <line number="230" hits="10" branch="false" />
            <line number="231" hits="10" branch="false" />
            <line number="232" hits="10" branch="false" />
            <line number="235" hits="0" branch="false" />
            <line number="236" hits="0" branch="false" />
            <line number="237" hits="0" branch="false" />
            <line number="241" hits="0" branch="false" />
            <line number="242" hits="0" branch="true" condition-coverage="0% (0/4)" />
            <line number="243" hits="0" branch="false" />
          </lines>
        </class>
        <class name="LibraryWebServer.Models.CheckedOut" filename="C:\Users\owner\Desktop\5530\hw7\LibraryWebServer\Models\CheckedOut.cs" line-rate="1" branch-rate="1" complexity="4">
          <methods>
            <method name="get_CardNum" signature="()" line-rate="1" branch-rate="1" complexity="1">
              <lines>
                <line number="8" hits="12" branch="false" />
              </lines>
            </method>
            <method name="get_Serial" signature="()" line-rate="1" branch-rate="1" complexity="1">
              <lines>
                <line number="10" hits="12" branch="false" />
              </lines>
            </method>
            <method name="get_CardNumNavigation" signature="()" line-rate="1" branch-rate="1" complexity="1">
              <lines>
                <line number="12" hits="12" branch="false" />
              </lines>
            </method>
            <method name="get_SerialNavigation" signature="()" line-rate="1" branch-rate="1" complexity="1">
              <lines>
                <line number="14" hits="12" branch="false" />
              </lines>
            </method>
          </methods>
          <lines>
            <line number="8" hits="12" branch="false" />
            <line number="10" hits="12" branch="false" />
            <line number="12" hits="12" branch="false" />
            <line number="14" hits="12" branch="false" />
          </lines>
        </class>
        <class name="LibraryWebServer.Models.ErrorViewModel" filename="C:\Users\owner\Desktop\5530\hw7\LibraryWebServer\Models\ErrorViewModel.cs" line-rate="0" branch-rate="1" complexity="2">
          <methods>
            <method name="get_RequestId" signature="()" line-rate="0" branch-rate="1" complexity="1">
              <lines>
                <line number="5" hits="0" branch="false" />
              </lines>
            </method>
            <method name="get_ShowRequestId" signature="()" line-rate="0" branch-rate="1" complexity="1">
              <lines>
                <line number="7" hits="0" branch="false" />
              </lines>
            </method>
          </methods>
          <lines>
            <line number="5" hits="0" branch="false" />
            <line number="7" hits="0" branch="false" />
          </lines>
        </class>
        <class name="LibraryWebServer.Models.Inventory" filename="C:\Users\owner\Desktop\5530\hw7\LibraryWebServer\Models\Inventory.cs" line-rate="0.75" branch-rate="1" complexity="4">
          <methods>
            <method name="get_Serial" signature="()" line-rate="1" branch-rate="1" complexity="1">
              <lines>
                <line number="8" hits="20" branch="false" />
              </lines>
            </method>
            <method name="get_Isbn" signature="()" line-rate="1" branch-rate="1" complexity="1">
              <lines>
                <line number="10" hits="30" branch="false" />
              </lines>
            </method>
            <method name="get_CheckedOut" signature="()" line-rate="0" branch-rate="1" complexity="1">
              <lines>
                <line number="12" hits="0" branch="false" />
              </lines>
            </method>
            <method name="get_IsbnNavigation" signature="()" line-rate="1" branch-rate="1" complexity="1">
              <lines>
                <line number="14" hits="10" branch="false" />
              </lines>
            </method>
          </methods>
          <lines>
            <line number="8" hits="20" branch="false" />
            <line number="10" hits="30" branch="false" />
            <line number="12" hits="0" branch="false" />
            <line number="14" hits="10" branch="false" />
          </lines>
        </class>
        <class name="LibraryWebServer.Models.Patrons" filename="C:\Users\owner\Desktop\5530\hw7\LibraryWebServer\Models\Patrons.cs" line-rate="1" branch-rate="1" complexity="4">
          <methods>
            <method name="get_CardNum" signature="()" line-rate="1" branch-rate="1" complexity="1">
              <lines>
                <line number="8" hits="20" branch="false" />
              </lines>
            </method>
            <method name="get_Name" signature="()" line-rate="1" branch-rate="1" complexity="1">
              <lines>
                <line number="10" hits="30" branch="false" />
              </lines>
            </method>
            <method name="get_CheckedOut" signature="()" line-rate="1" branch-rate="1" complexity="1">
              <lines>
                <line number="12" hits="10" branch="false" />
              </lines>
            </method>
            <method name="get_Phones" signature="()" line-rate="1" branch-rate="1" complexity="1">
              <lines>
                <line number="14" hits="10" branch="false" />
              </lines>
            </method>
          </methods>
          <lines>
            <line number="8" hits="20" branch="false" />
            <line number="10" hits="30" branch="false" />
            <line number="12" hits="10" branch="false" />
            <line number="14" hits="10" branch="false" />
          </lines>
        </class>
        <class name="LibraryWebServer.Models.Phones" filename="C:\Users\owner\Desktop\5530\hw7\LibraryWebServer\Models\Phones.cs" line-rate="0" branch-rate="1" complexity="3">
          <methods>
            <method name="get_CardNum" signature="()" line-rate="0" branch-rate="1" complexity="1">
              <lines>
                <line number="8" hits="0" branch="false" />
              </lines>
            </method>
            <method name="get_Phone" signature="()" line-rate="0" branch-rate="1" complexity="1">
              <lines>
                <line number="10" hits="0" branch="false" />
              </lines>
            </method>
            <method name="get_CardNumNavigation" signature="()" line-rate="0" branch-rate="1" complexity="1">
              <lines>
                <line number="12" hits="0" branch="false" />
              </lines>
            </method>
          </methods>
          <lines>
            <line number="8" hits="0" branch="false" />
            <line number="10" hits="0" branch="false" />
            <line number="12" hits="0" branch="false" />
          </lines>
        </class>
        <class name="LibraryWebServer.Models.Team28LibraryContext" filename="C:\Users\owner\Desktop\5530\hw7\LibraryWebServer\Models\Team28LibraryContext.cs" line-rate="1" branch-rate="1" complexity="10">
          <methods>
            <method name="get_CheckedOut" signature="()" line-rate="1" branch-rate="1" complexity="1">
              <lines>
                <line number="18" hits="44" branch="false" />
              </lines>
            </method>
            <method name="get_Inventory" signature="()" line-rate="1" branch-rate="1" complexity="1">
              <lines>
                <line number="20" hits="48" branch="false" />
              </lines>
            </method>
            <method name="get_Patrons" signature="()" line-rate="1" branch-rate="1" complexity="1">
              <lines>
                <line number="22" hits="57" branch="false" />
              </lines>
            </method>
            <method name="get_Phones" signature="()" line-rate="1" branch-rate="1" complexity="1">
              <lines>
                <line number="24" hits="20" branch="false" />
              </lines>
            </method>
            <method name="get_Titles" signature="()" line-rate="1" branch-rate="1" complexity="1">
              <lines>
                <line number="26" hits="48" branch="false" />
              </lines>
            </method>
            <method name="OnConfiguring" signature="(...)" line-rate="1" branch-rate="1" complexity="2">
              <lines>
                <line number="29" hits="17" branch="false" />
                <line number="30" hits="17" branch="true" condition-coverage="100% (2/2)" />
                <line number="31" hits="7" branch="false" />
                <line number="32" hits="7" branch="false" />
                <line number="33" hits="7" branch="false" />
                <line number="34" hits="17" branch="false" />
              </lines>
            </method>
            <method name="OnModelCreating" signature="(...)" line-rate="1" branch-rate="1" complexity="1">
              <lines>
                <line number="40" hits="3" branch="false" />
                <line number="41" hits="3" branch="false" />
                <line number="42" hits="3" branch="false" />
                <line number="43" hits="3" branch="false" />
                <line number="45" hits="3" branch="false" />
                <line number="46" hits="3" branch="false" />
                <line number="47" hits="3" branch="false" />
                <line number="48" hits="3" branch="false" />
                <line number="49" hits="3" branch="false" />
                <line number="50" hits="3" branch="false" />
                <line number="51" hits="3" branch="false" />
                <line number="52" hits="3" branch="false" />
                <line number="53" hits="3" branch="false" />
                <line number="54" hits="3" branch="false" />
                <line number="55" hits="3" branch="false" />
                <line number="56" hits="3" branch="false" />
                <line number="57" hits="3" branch="false" />
                <line number="58" hits="3" branch="false" />
                <line number="59" hits="3" branch="false" />
                <line number="60" hits="3" branch="false" />
                <line number="61" hits="3" branch="false" />
                <line number="62" hits="3" branch="false" />
                <line number="63" hits="3" branch="false" />
                <line number="64" hits="3" branch="false" />
                <line number="65" hits="6" branch="false" />
                <line number="67" hits="3" branch="false" />
                <line number="68" hits="3" branch="false" />
                <line number="69" hits="3" branch="false" />
                <line number="70" hits="3" branch="false" />
                <line number="71" hits="3" branch="false" />
                <line number="72" hits="3" branch="false" />
                <line number="73" hits="3" branch="false" />
                <line number="74" hits="3" branch="false" />
                <line number="75" hits="3" branch="false" />
                <line number="76" hits="3" branch="false" />
                <line number="77" hits="3" branch="false" />
                <line number="78" hits="3" branch="false" />
                <line number="79" hits="3" branch="false" />
                <line number="80" hits="3" branch="false" />
                <line number="81" hits="3" branch="false" />
                <line number="82" hits="3" branch="false" />
                <line number="83" hits="6" branch="false" />
                <line number="85" hits="3" branch="false" />
                <line number="86" hits="3" branch="false" />
                <line number="87" hits="3" branch="false" />
                <line number="88" hits="3" branch="false" />
                <line number="89" hits="3" branch="false" />
                <line number="90" hits="3" branch="false" />
                <line number="91" hits="6" branch="false" />
                <line number="93" hits="3" branch="false" />
                <line number="94" hits="3" branch="false" />
                <line number="95" hits="3" branch="false" />
                <line number="96" hits="3" branch="false" />
                <line number="97" hits="3" branch="false" />
                <line number="98" hits="3" branch="false" />
                <line number="99" hits="3" branch="false" />
                <line number="100" hits="3" branch="false" />
                <line number="101" hits="3" branch="false" />
                <line number="102" hits="3" branch="false" />
                <line number="103" hits="3" branch="false" />
                <line number="104" hits="3" branch="false" />
                <line number="105" hits="3" branch="false" />
                <line number="106" hits="3" branch="false" />
                <line number="107" hits="6" branch="false" />
                <line number="109" hits="3" branch="false" />
                <line number="110" hits="3" branch="false" />
                <line number="111" hits="3" branch="false" />
                <line number="112" hits="3" branch="false" />
                <line number="113" hits="3" branch="false" />
                <line number="114" hits="3" branch="false" />
                <line number="115" hits="3" branch="false" />
                <line number="116" hits="3" branch="false" />
                <line number="117" hits="3" branch="false" />
                <line number="118" hits="3" branch="false" />
                <line number="119" hits="6" branch="false" />
                <line number="122" hits="3" branch="false" />
              </lines>
            </method>
            <method name=".ctor" signature="()" line-rate="1" branch-rate="1" complexity="1">
              <lines>
                <line number="9" hits="10" branch="false" />
                <line number="10" hits="10" branch="false" />
                <line number="11" hits="10" branch="false" />
              </lines>
            </method>
            <method name=".ctor" signature="(...)" line-rate="1" branch-rate="1" complexity="1">
              <lines>
                <line number="14" hits="10" branch="false" />
                <line number="15" hits="10" branch="false" />
                <line number="16" hits="10" branch="false" />
              </lines>
            </method>
          </methods>
          <lines>
            <line number="9" hits="10" branch="false" />
            <line number="10" hits="10" branch="false" />
            <line number="11" hits="10" branch="false" />
            <line number="14" hits="10" branch="false" />
            <line number="15" hits="10" branch="false" />
            <line number="16" hits="10" branch="false" />
            <line number="18" hits="44" branch="false" />
            <line number="20" hits="48" branch="false" />
            <line number="22" hits="57" branch="false" />
            <line number="24" hits="20" branch="false" />
            <line number="26" hits="48" branch="false" />
            <line number="29" hits="17" branch="false" />
            <line number="30" hits="17" branch="true" condition-coverage="100% (2/2)" />
            <line number="31" hits="7" branch="false" />
            <line number="32" hits="7" branch="false" />
            <line number="33" hits="7" branch="false" />
            <line number="34" hits="17" branch="false" />
            <line number="40" hits="3" branch="false" />
            <line number="41" hits="3" branch="false" />
            <line number="42" hits="3" branch="false" />
            <line number="43" hits="3" branch="false" />
            <line number="45" hits="3" branch="false" />
            <line number="46" hits="3" branch="false" />
            <line number="47" hits="3" branch="false" />
            <line number="48" hits="3" branch="false" />
            <line number="49" hits="3" branch="false" />
            <line number="50" hits="3" branch="false" />
            <line number="51" hits="3" branch="false" />
            <line number="52" hits="3" branch="false" />
            <line number="53" hits="3" branch="false" />
            <line number="54" hits="3" branch="false" />
            <line number="55" hits="3" branch="false" />
            <line number="56" hits="3" branch="false" />
            <line number="57" hits="3" branch="false" />
            <line number="58" hits="3" branch="false" />
            <line number="59" hits="3" branch="false" />
            <line number="60" hits="3" branch="false" />
            <line number="61" hits="3" branch="false" />
            <line number="62" hits="3" branch="false" />
            <line number="63" hits="3" branch="false" />
            <line number="64" hits="3" branch="false" />
            <line number="65" hits="6" branch="false" />
            <line number="67" hits="3" branch="false" />
            <line number="68" hits="3" branch="false" />
            <line number="69" hits="3" branch="false" />
            <line number="70" hits="3" branch="false" />
            <line number="71" hits="3" branch="false" />
            <line number="72" hits="3" branch="false" />
            <line number="73" hits="3" branch="false" />
            <line number="74" hits="3" branch="false" />
            <line number="75" hits="3" branch="false" />
            <line number="76" hits="3" branch="false" />
            <line number="77" hits="3" branch="false" />
            <line number="78" hits="3" branch="false" />
            <line number="79" hits="3" branch="false" />
            <line number="80" hits="3" branch="false" />
            <line number="81" hits="3" branch="false" />
            <line number="82" hits="3" branch="false" />
            <line number="83" hits="6" branch="false" />
            <line number="85" hits="3" branch="false" />
            <line number="86" hits="3" branch="false" />
            <line number="87" hits="3" branch="false" />
            <line number="88" hits="3" branch="false" />
            <line number="89" hits="3" branch="false" />
            <line number="90" hits="3" branch="false" />
            <line number="91" hits="6" branch="false" />
            <line number="93" hits="3" branch="false" />
            <line number="94" hits="3" branch="false" />
            <line number="95" hits="3" branch="false" />
            <line number="96" hits="3" branch="false" />
            <line number="97" hits="3" branch="false" />
            <line number="98" hits="3" branch="false" />
            <line number="99" hits="3" branch="false" />
            <line number="100" hits="3" branch="false" />
            <line number="101" hits="3" branch="false" />
            <line number="102" hits="3" branch="false" />
            <line number="103" hits="3" branch="false" />
            <line number="104" hits="3" branch="false" />
            <line number="105" hits="3" branch="false" />
            <line number="106" hits="3" branch="false" />
            <line number="107" hits="6" branch="false" />
            <line number="109" hits="3" branch="false" />
            <line number="110" hits="3" branch="false" />
            <line number="111" hits="3" branch="false" />
            <line number="112" hits="3" branch="false" />
            <line number="113" hits="3" branch="false" />
            <line number="114" hits="3" branch="false" />
            <line number="115" hits="3" branch="false" />
            <line number="116" hits="3" branch="false" />
            <line number="117" hits="3" branch="false" />
            <line number="118" hits="3" branch="false" />
            <line number="119" hits="6" branch="false" />
            <line number="122" hits="3" branch="false" />
          </lines>
        </class>
        <class name="LibraryWebServer.Models.Titles" filename="C:\Users\owner\Desktop\5530\hw7\LibraryWebServer\Models\Titles.cs" line-rate="1" branch-rate="1" complexity="4">
          <methods>
            <method name="get_Isbn" signature="()" line-rate="1" branch-rate="1" complexity="1">
              <lines>
                <line number="8" hits="30" branch="false" />
              </lines>
            </method>
            <method name="get_Title" signature="()" line-rate="1" branch-rate="1" complexity="1">
              <lines>
                <line number="10" hits="30" branch="false" />
              </lines>
            </method>
            <method name="get_Author" signature="()" line-rate="1" branch-rate="1" complexity="1">
              <lines>
                <line number="12" hits="30" branch="false" />
              </lines>
            </method>
            <method name="get_Inventory" signature="()" line-rate="1" branch-rate="1" complexity="1">
              <lines>
                <line number="14" hits="10" branch="false" />
              </lines>
            </method>
          </methods>
          <lines>
            <line number="8" hits="30" branch="false" />
            <line number="10" hits="30" branch="false" />
            <line number="12" hits="30" branch="false" />
            <line number="14" hits="10" branch="false" />
          </lines>
        </class>
        <class name="LibraryWebServer.Program" filename="C:\Users\owner\Desktop\5530\hw7\LibraryWebServer\Program.cs" line-rate="0" branch-rate="0" complexity="2">
          <methods>
            <method name="Main" signature="(...)" line-rate="0" branch-rate="0" complexity="2">
              <lines>
                <line number="6" hits="0" branch="false" />
                <line number="7" hits="0" branch="false" />
                <line number="10" hits="0" branch="false" />
                <line number="12" hits="0" branch="false" />
                <line number="15" hits="0" branch="true" condition-coverage="0% (0/2)" />
                <line number="16" hits="0" branch="false" />
                <line number="17" hits="0" branch="false" />
                <line number="19" hits="0" branch="false" />
                <line number="20" hits="0" branch="false" />
                <line number="22" hits="0" branch="false" />
                <line number="23" hits="0" branch="false" />
                <line number="25" hits="0" branch="false" />
                <line number="27" hits="0" branch="false" />
                <line number="29" hits="0" branch="false" />
                <line number="30" hits="0" branch="false" />
                <line number="31" hits="0" branch="false" />
                <line number="33" hits="0" branch="false" />
                <line number="34" hits="0" branch="false" />
              </lines>
            </method>
          </methods>
          <lines>
            <line number="6" hits="0" branch="false" />
            <line number="7" hits="0" branch="false" />
            <line number="10" hits="0" branch="false" />
            <line number="12" hits="0" branch="false" />
            <line number="15" hits="0" branch="true" condition-coverage="0% (0/2)" />
            <line number="16" hits="0" branch="false" />
            <line number="17" hits="0" branch="false" />
            <line number="19" hits="0" branch="false" />
            <line number="20" hits="0" branch="false" />
            <line number="22" hits="0" branch="false" />
            <line number="23" hits="0" branch="false" />
            <line number="25" hits="0" branch="false" />
            <line number="27" hits="0" branch="false" />
            <line number="29" hits="0" branch="false" />
            <line number="30" hits="0" branch="false" />
            <line number="31" hits="0" branch="false" />
            <line number="33" hits="0" branch="false" />
            <line number="34" hits="0" branch="false" />
          </lines>
        </class>
      </classes>
    </package>
    <package name="TestProject1" line-rate="0.993421052631579" branch-rate="1" complexity="91">
      <classes>
        <class name="AutoGeneratedProgram" filename="C:\Users\owner\.nuget\packages\microsoft.net.test.sdk\17.3.2\build\netcoreapp2.1\Microsoft.NET.Test.Sdk.Program.cs" line-rate="0" branch-rate="1" complexity="1">
          <methods>
            <method name="Main" signature="(...)" line-rate="0" branch-rate="1" complexity="1">
              <lines>
                <line number="4" hits="0" branch="false" />
              </lines>
            </method>
          </methods>
          <lines>
            <line number="4" hits="0" branch="false" />
          </lines>
        </class>
        <class name="TestProject1.UnitTest1" filename="C:\Users\owner\Desktop\5530\hw7\TestProject1\UnitTest1.cs" line-rate="1" branch-rate="1" complexity="90">
          <methods>
            <method name="MakeTinyDB" signature="()" line-rate="1" branch-rate="1" complexity="1">
              <lines>
                <line number="25" hits="10" branch="false" />
                <line number="26" hits="10" branch="false" />
                <line number="27" hits="10" branch="false" />
                <line number="28" hits="10" branch="false" />
                <line number="29" hits="10" branch="false" />
                <line number="30" hits="10" branch="false" />
                <line number="32" hits="10" branch="false" />
                <line number="34" hits="10" branch="false" />
                <line number="35" hits="10" branch="false" />
                <line number="38" hits="10" branch="false" />
                <line number="39" hits="10" branch="false" />
                <line number="40" hits="10" branch="false" />
                <line number="41" hits="10" branch="false" />
                <line number="42" hits="10" branch="false" />
                <line number="43" hits="10" branch="false" />
                <line number="45" hits="10" branch="false" />
                <line number="46" hits="10" branch="false" />
                <line number="47" hits="10" branch="false" />
                <line number="48" hits="10" branch="false" />
                <line number="49" hits="10" branch="false" />
                <line number="52" hits="10" branch="false" />
                <line number="53" hits="10" branch="false" />
                <line number="54" hits="10" branch="false" />
                <line number="55" hits="10" branch="false" />
                <line number="56" hits="10" branch="false" />
                <line number="58" hits="10" branch="false" />
                <line number="59" hits="10" branch="false" />
                <line number="60" hits="10" branch="false" />
                <line number="61" hits="10" branch="false" />
                <line number="64" hits="10" branch="false" />
                <line number="65" hits="10" branch="false" />
                <line number="66" hits="10" branch="false" />
                <line number="67" hits="10" branch="false" />
                <line number="68" hits="10" branch="false" />
                <line number="70" hits="10" branch="false" />
                <line number="71" hits="10" branch="false" />
                <line number="72" hits="10" branch="false" />
                <line number="73" hits="10" branch="false" />
                <line number="76" hits="10" branch="false" />
                <line number="77" hits="10" branch="false" />
                <line number="78" hits="10" branch="false" />
                <line number="79" hits="10" branch="false" />
                <line number="80" hits="10" branch="false" />
                <line number="83" hits="10" branch="false" />
                <line number="84" hits="10" branch="false" />
              </lines>
            </method>
            <method name="AllTitles" signature="()" line-rate="1" branch-rate="1" complexity="22">
              <lines>
                <line number="88" hits="1" branch="false" />
                <line number="89" hits="1" branch="false" />
                <line number="91" hits="1" branch="false" />
                <line number="93" hits="1" branch="false" />
                <line number="95" hits="1" branch="false" />
                <line number="97" hits="1" branch="false" />
                <line number="99" hits="1" branch="true" condition-coverage="100% (4/4)" />
                <line number="100" hits="1" branch="true" condition-coverage="100% (6/6)" />
                <line number="101" hits="1" branch="true" condition-coverage="100% (6/6)" />
                <line number="102" hits="1" branch="true" condition-coverage="100% (6/6)" />
                <line number="104" hits="1" branch="false" />
              </lines>
            </method>
            <method name="ListMyBooks_Empty" signature="()" line-rate="1" branch-rate="1" complexity="4">
              <lines>
                <line number="108" hits="1" branch="false" />
                <line number="109" hits="1" branch="false" />
                <line number="110" hits="1" branch="false" />
                <line number="112" hits="1" branch="false" />
                <line number="114" hits="1" branch="false" />
                <line number="116" hits="1" branch="false" />
                <line number="118" hits="1" branch="false" />
                <line number="120" hits="1" branch="true" condition-coverage="100% (4/4)" />
                <line number="121" hits="1" branch="false" />
              </lines>
            </method>
            <method name="ListMyBooks_NonEmpty" signature="()" line-rate="1" branch-rate="1" complexity="16">
              <lines>
                <line number="125" hits="1" branch="false" />
                <line number="126" hits="1" branch="false" />
                <line number="127" hits="1" branch="false" />
                <line number="129" hits="1" branch="false" />
                <line number="131" hits="1" branch="false" />
                <line number="133" hits="1" branch="false" />
                <line number="135" hits="1" branch="false" />
                <line number="137" hits="1" branch="true" condition-coverage="100% (4/4)" />
                <line number="138" hits="1" branch="true" condition-coverage="100% (6/6)" />
                <line number="139" hits="1" branch="true" condition-coverage="100% (6/6)" />
                <line number="140" hits="1" branch="false" />
              </lines>
            </method>
            <method name="CheckOutBooks_Empty" signature="()" line-rate="1" branch-rate="1" complexity="10">
              <lines>
                <line number="144" hits="1" branch="false" />
                <line number="145" hits="1" branch="false" />
                <line number="146" hits="1" branch="false" />
                <line number="148" hits="1" branch="false" />
                <line number="150" hits="1" branch="false" />
                <line number="152" hits="1" branch="false" />
                <line number="153" hits="1" branch="false" />
                <line number="154" hits="1" branch="false" />
                <line number="156" hits="1" branch="true" condition-coverage="100% (4/4)" />
                <line number="157" hits="1" branch="true" condition-coverage="100% (6/6)" />
                <line number="158" hits="1" branch="false" />
              </lines>
            </method>
            <method name="CheckOutBooks_NonEmpty" signature="()" line-rate="1" branch-rate="1" complexity="16">
              <lines>
                <line number="162" hits="1" branch="false" />
                <line number="163" hits="1" branch="false" />
                <line number="164" hits="1" branch="false" />
                <line number="166" hits="1" branch="false" />
                <line number="168" hits="1" branch="false" />
                <line number="170" hits="1" branch="false" />
                <line number="171" hits="1" branch="false" />
                <line number="172" hits="1" branch="false" />
                <line number="174" hits="1" branch="true" condition-coverage="100% (4/4)" />
                <line number="175" hits="1" branch="true" condition-coverage="100% (6/6)" />
                <line number="176" hits="1" branch="true" condition-coverage="100% (6/6)" />
                <line number="177" hits="1" branch="false" />
              </lines>
            </method>
            <method name="ReturnBook_NonEmpty" signature="()" line-rate="1" branch-rate="1" complexity="4">
              <lines>
                <line number="181" hits="1" branch="false" />
                <line number="182" hits="1" branch="false" />
                <line number="183" hits="1" branch="false" />
                <line number="185" hits="1" branch="false" />
                <line number="187" hits="1" branch="false" />
                <line number="189" hits="1" branch="false" />
                <line number="190" hits="1" branch="false" />
                <line number="191" hits="1" branch="false" />
                <line number="193" hits="1" branch="true" condition-coverage="100% (4/4)" />
                <line number="194" hits="1" branch="false" />
              </lines>
            </method>
            <method name="ReturnBook_Illegal" signature="()" line-rate="1" branch-rate="1" complexity="4">
              <lines>
                <line number="198" hits="1" branch="false" />
                <line number="199" hits="1" branch="false" />
                <line number="200" hits="1" branch="false" />
                <line number="202" hits="1" branch="false" />
                <line number="204" hits="1" branch="false" />
                <line number="206" hits="1" branch="false" />
                <line number="207" hits="1" branch="false" />
                <line number="208" hits="1" branch="false" />
                <line number="210" hits="1" branch="true" condition-coverage="100% (4/4)" />
                <line number="211" hits="1" branch="false" />
              </lines>
            </method>
            <method name="ReturnBook_NonExisting" signature="()" line-rate="1" branch-rate="1" complexity="4">
              <lines>
                <line number="215" hits="1" branch="false" />
                <line number="216" hits="1" branch="false" />
                <line number="217" hits="1" branch="false" />
                <line number="219" hits="1" branch="false" />
                <line number="221" hits="1" branch="false" />
                <line number="223" hits="1" branch="false" />
                <line number="224" hits="1" branch="false" />
                <line number="225" hits="1" branch="false" />
                <line number="227" hits="1" branch="true" condition-coverage="100% (4/4)" />
                <line number="228" hits="1" branch="false" />
              </lines>
            </method>
            <method name="Incorrect_UserName" signature="()" line-rate="1" branch-rate="1" complexity="4">
              <lines>
                <line number="232" hits="1" branch="false" />
                <line number="233" hits="1" branch="false" />
                <line number="235" hits="1" branch="false" />
                <line number="237" hits="1" branch="false" />
                <line number="239" hits="1" branch="false" />
                <line number="240" hits="1" branch="false" />
                <line number="242" hits="1" branch="true" condition-coverage="100% (4/4)" />
                <line number="243" hits="1" branch="false" />
              </lines>
            </method>
            <method name="Incorrect_CardNum" signature="()" line-rate="1" branch-rate="1" complexity="4">
              <lines>
                <line number="247" hits="1" branch="false" />
                <line number="248" hits="1" branch="false" />
                <line number="250" hits="1" branch="false" />
                <line number="252" hits="1" branch="false" />
                <line number="254" hits="1" branch="false" />
                <line number="255" hits="1" branch="false" />
                <line number="257" hits="1" branch="true" condition-coverage="100% (4/4)" />
                <line number="258" hits="1" branch="false" />
              </lines>
            </method>
            <method name="NewServiceProvider" signature="()" line-rate="1" branch-rate="1" complexity="1">
              <lines>
                <line number="261" hits="10" branch="false" />
                <line number="262" hits="10" branch="false" />
                <line number="263" hits="10" branch="false" />
                <line number="264" hits="10" branch="false" />
                <line number="266" hits="10" branch="false" />
                <line number="267" hits="10" branch="false" />
              </lines>
            </method>
          </methods>
          <lines>
            <line number="25" hits="10" branch="false" />
            <line number="26" hits="10" branch="false" />
            <line number="27" hits="10" branch="false" />
            <line number="28" hits="10" branch="false" />
            <line number="29" hits="10" branch="false" />
            <line number="30" hits="10" branch="false" />
            <line number="32" hits="10" branch="false" />
            <line number="34" hits="10" branch="false" />
            <line number="35" hits="10" branch="false" />
            <line number="38" hits="10" branch="false" />
            <line number="39" hits="10" branch="false" />
            <line number="40" hits="10" branch="false" />
            <line number="41" hits="10" branch="false" />
            <line number="42" hits="10" branch="false" />
            <line number="43" hits="10" branch="false" />
            <line number="45" hits="10" branch="false" />
            <line number="46" hits="10" branch="false" />
            <line number="47" hits="10" branch="false" />
            <line number="48" hits="10" branch="false" />
            <line number="49" hits="10" branch="false" />
            <line number="52" hits="10" branch="false" />
            <line number="53" hits="10" branch="false" />
            <line number="54" hits="10" branch="false" />
            <line number="55" hits="10" branch="false" />
            <line number="56" hits="10" branch="false" />
            <line number="58" hits="10" branch="false" />
            <line number="59" hits="10" branch="false" />
            <line number="60" hits="10" branch="false" />
            <line number="61" hits="10" branch="false" />
            <line number="64" hits="10" branch="false" />
            <line number="65" hits="10" branch="false" />
            <line number="66" hits="10" branch="false" />
            <line number="67" hits="10" branch="false" />
            <line number="68" hits="10" branch="false" />
            <line number="70" hits="10" branch="false" />
            <line number="71" hits="10" branch="false" />
            <line number="72" hits="10" branch="false" />
            <line number="73" hits="10" branch="false" />
            <line number="76" hits="10" branch="false" />
            <line number="77" hits="10" branch="false" />
            <line number="78" hits="10" branch="false" />
            <line number="79" hits="10" branch="false" />
            <line number="80" hits="10" branch="false" />
            <line number="83" hits="10" branch="false" />
            <line number="84" hits="10" branch="false" />
            <line number="88" hits="1" branch="false" />
            <line number="89" hits="1" branch="false" />
            <line number="91" hits="1" branch="false" />
            <line number="93" hits="1" branch="false" />
            <line number="95" hits="1" branch="false" />
            <line number="97" hits="1" branch="false" />
            <line number="99" hits="1" branch="true" condition-coverage="100% (4/4)" />
            <line number="100" hits="1" branch="true" condition-coverage="100% (6/6)" />
            <line number="101" hits="1" branch="true" condition-coverage="100% (6/6)" />
            <line number="102" hits="1" branch="true" condition-coverage="100% (6/6)" />
            <line number="104" hits="1" branch="false" />
            <line number="108" hits="1" branch="false" />
            <line number="109" hits="1" branch="false" />
            <line number="110" hits="1" branch="false" />
            <line number="112" hits="1" branch="false" />
            <line number="114" hits="1" branch="false" />
            <line number="116" hits="1" branch="false" />
            <line number="118" hits="1" branch="false" />
            <line number="120" hits="1" branch="true" condition-coverage="100% (4/4)" />
            <line number="121" hits="1" branch="false" />
            <line number="125" hits="1" branch="false" />
            <line number="126" hits="1" branch="false" />
            <line number="127" hits="1" branch="false" />
            <line number="129" hits="1" branch="false" />
            <line number="131" hits="1" branch="false" />
            <line number="133" hits="1" branch="false" />
            <line number="135" hits="1" branch="false" />
            <line number="137" hits="1" branch="true" condition-coverage="100% (4/4)" />
            <line number="138" hits="1" branch="true" condition-coverage="100% (6/6)" />
            <line number="139" hits="1" branch="true" condition-coverage="100% (6/6)" />
            <line number="140" hits="1" branch="false" />
            <line number="144" hits="1" branch="false" />
            <line number="145" hits="1" branch="false" />
            <line number="146" hits="1" branch="false" />
            <line number="148" hits="1" branch="false" />
            <line number="150" hits="1" branch="false" />
            <line number="152" hits="1" branch="false" />
            <line number="153" hits="1" branch="false" />
            <line number="154" hits="1" branch="false" />
            <line number="156" hits="1" branch="true" condition-coverage="100% (4/4)" />
            <line number="157" hits="1" branch="true" condition-coverage="100% (6/6)" />
            <line number="158" hits="1" branch="false" />
            <line number="162" hits="1" branch="false" />
            <line number="163" hits="1" branch="false" />
            <line number="164" hits="1" branch="false" />
            <line number="166" hits="1" branch="false" />
            <line number="168" hits="1" branch="false" />
            <line number="170" hits="1" branch="false" />
            <line number="171" hits="1" branch="false" />
            <line number="172" hits="1" branch="false" />
            <line number="174" hits="1" branch="true" condition-coverage="100% (4/4)" />
            <line number="175" hits="1" branch="true" condition-coverage="100% (6/6)" />
            <line number="176" hits="1" branch="true" condition-coverage="100% (6/6)" />
            <line number="177" hits="1" branch="false" />
            <line number="181" hits="1" branch="false" />
            <line number="182" hits="1" branch="false" />
            <line number="183" hits="1" branch="false" />
            <line number="185" hits="1" branch="false" />
            <line number="187" hits="1" branch="false" />
            <line number="189" hits="1" branch="false" />
            <line number="190" hits="1" branch="false" />
            <line number="191" hits="1" branch="false" />
            <line number="193" hits="1" branch="true" condition-coverage="100% (4/4)" />
            <line number="194" hits="1" branch="false" />
            <line number="198" hits="1" branch="false" />
            <line number="199" hits="1" branch="false" />
            <line number="200" hits="1" branch="false" />
            <line number="202" hits="1" branch="false" />
            <line number="204" hits="1" branch="false" />
            <line number="206" hits="1" branch="false" />
            <line number="207" hits="1" branch="false" />
            <line number="208" hits="1" branch="false" />
            <line number="210" hits="1" branch="true" condition-coverage="100% (4/4)" />
            <line number="211" hits="1" branch="false" />
            <line number="215" hits="1" branch="false" />
            <line number="216" hits="1" branch="false" />
            <line number="217" hits="1" branch="false" />
            <line number="219" hits="1" branch="false" />
            <line number="221" hits="1" branch="false" />
            <line number="223" hits="1" branch="false" />
            <line number="224" hits="1" branch="false" />
            <line number="225" hits="1" branch="false" />
            <line number="227" hits="1" branch="true" condition-coverage="100% (4/4)" />
            <line number="228" hits="1" branch="false" />
            <line number="232" hits="1" branch="false" />
            <line number="233" hits="1" branch="false" />
            <line number="235" hits="1" branch="false" />
            <line number="237" hits="1" branch="false" />
            <line number="239" hits="1" branch="false" />
            <line number="240" hits="1" branch="false" />
            <line number="242" hits="1" branch="true" condition-coverage="100% (4/4)" />
            <line number="243" hits="1" branch="false" />
            <line number="247" hits="1" branch="false" />
            <line number="248" hits="1" branch="false" />
            <line number="250" hits="1" branch="false" />
            <line number="252" hits="1" branch="false" />
            <line number="254" hits="1" branch="false" />
            <line number="255" hits="1" branch="false" />
            <line number="257" hits="1" branch="true" condition-coverage="100% (4/4)" />
            <line number="258" hits="1" branch="false" />
            <line number="261" hits="10" branch="false" />
            <line number="262" hits="10" branch="false" />
            <line number="263" hits="10" branch="false" />
            <line number="264" hits="10" branch="false" />
            <line number="266" hits="10" branch="false" />
            <line number="267" hits="10" branch="false" />
          </lines>
        </class>
      </classes>
    </package>
  </packages>
</coverage>